Drill report for HEXBERRY-V-20Q100.kicad_pcb
Created on 2024-11-13T11:48:40+0100

Copper Layer Stackup:
    =============================================================
    L1 :  F.Cu                      front
    L2 :  SIGN.Cu                   in1
    L3 :  GND.Cu                    in2
    L4 :  B.Cu                      back


Drill file 'HEXBERRY-V-20Q100-PTH.drl' contains
    plated through holes:
    =============================================================
    T1  0.300mm  0.0118"  (6 holes)
    T2  0.354mm  0.0140"  (228 holes)
    T3  0.507mm  0.0200"  (2 holes)
    T4  0.600mm  0.0236"  (4 holes)  (with 4 slots)
    T5  1.000mm  0.0394"  (90 holes)
    T6  3.200mm  0.1260"  (4 holes)

    Total plated holes count 334


Drill file 'HEXBERRY-V-20Q100-NPTH.drl' contains
    unplated through holes:
    =============================================================

    Total unplated holes count 0
